<?xml version="1.0" encoding="UTF-8"?>
<testsuite name="org.example.UserDaoTest" tests="1" skipped="0" failures="0" errors="0" timestamp="2023-02-18T12:33:49" hostname="seungsu-All-Series" time="0.345">
  <properties/>
  <testcase name="createTest()" classname="org.example.UserDaoTest" time="0.345"/>
  <system-out><![CDATA[user = User(userId=wizard, password=11, name=이름, email=이메일)
]]></system-out>
  <system-err><![CDATA[SLF4J: Failed to load class "org.slf4j.impl.StaticLoggerBinder".
SLF4J: Defaulting to no-operation (NOP) logger implementation
SLF4J: See http://www.slf4j.org/codes.html#StaticLoggerBinder for further details.
]]></system-err>
</testsuite>
