<?xml version="1.0" encoding="UTF-8"?>
<testsuite name="jpabook.jpashop.MemberRepositoryTest" tests="1" skipped="0" failures="0" errors="0" timestamp="2023-01-17T16:07:27" hostname="seungsu-750QCJ-750QCR" time="0.123">
  <properties/>
  <testcase name="testMember()" classname="jpabook.jpashop.MemberRepositoryTest" time="0.123"/>
  <system-out><![CDATA[2023-01-18 01:07:27.660  INFO 852247 --- [    Test worker] .b.t.c.SpringBootTestContextBootstrapper : Neither @ContextConfiguration nor @ContextHierarchy found for test class [jpabook.jpashop.MemberRepositoryTest], using SpringBootContextLoader
2023-01-18 01:07:27.661  INFO 852247 --- [    Test worker] o.s.t.c.support.AbstractContextLoader    : Could not detect default resource locations for test class [jpabook.jpashop.MemberRepositoryTest]: no resource found for suffixes {-context.xml, Context.groovy}.
2023-01-18 01:07:27.661  INFO 852247 --- [    Test worker] t.c.s.AnnotationConfigContextLoaderUtils : Could not detect default configuration classes for test class [jpabook.jpashop.MemberRepositoryTest]: MemberRepositoryTest does not declare any static, non-private, non-final, nested classes annotated with @Configuration.
2023-01-18 01:07:27.662  INFO 852247 --- [    Test worker] .b.t.c.SpringBootTestContextBootstrapper : Found @SpringBootConfiguration jpabook.jpashop.JpashopApplication for test class jpabook.jpashop.MemberRepositoryTest
2023-01-18 01:07:27.663  INFO 852247 --- [    Test worker] .b.t.c.SpringBootTestContextBootstrapper : Loaded default TestExecutionListener class names from location [META-INF/spring.factories]: [org.springframework.boot.test.autoconfigure.restdocs.RestDocsTestExecutionListener, org.springframework.boot.test.autoconfigure.web.client.MockRestServiceServerResetTestExecutionListener, org.springframework.boot.test.autoconfigure.web.servlet.MockMvcPrintOnlyOnFailureTestExecutionListener, org.springframework.boot.test.autoconfigure.web.servlet.WebDriverTestExecutionListener, org.springframework.boot.test.autoconfigure.webservices.client.MockWebServiceServerTestExecutionListener, org.springframework.boot.test.mock.mockito.MockitoTestExecutionListener, org.springframework.boot.test.mock.mockito.ResetMocksTestExecutionListener, org.springframework.test.context.web.ServletTestExecutionListener, org.springframework.test.context.support.DirtiesContextBeforeModesTestExecutionListener, org.springframework.test.context.event.ApplicationEventsTestExecutionListener, org.springframework.test.context.support.DependencyInjectionTestExecutionListener, org.springframework.test.context.support.DirtiesContextTestExecutionListener, org.springframework.test.context.transaction.TransactionalTestExecutionListener, org.springframework.test.context.jdbc.SqlScriptsTestExecutionListener, org.springframework.test.context.event.EventPublishingTestExecutionListener]
2023-01-18 01:07:27.664  INFO 852247 --- [    Test worker] .b.t.c.SpringBootTestContextBootstrapper : Using TestExecutionListeners: [org.springframework.test.context.web.ServletTestExecutionListener@3d605657, org.springframework.test.context.support.DirtiesContextBeforeModesTestExecutionListener@73b10975, org.springframework.test.context.event.ApplicationEventsTestExecutionListener@6318ff9, org.springframework.boot.test.mock.mockito.MockitoTestExecutionListener@69b80603, org.springframework.boot.test.autoconfigure.SpringBootDependencyInjectionTestExecutionListener@5655278d, org.springframework.test.context.support.DirtiesContextTestExecutionListener@2dd46693, org.springframework.test.context.transaction.TransactionalTestExecutionListener@27107a97, org.springframework.test.context.jdbc.SqlScriptsTestExecutionListener@eb1e868, org.springframework.test.context.event.EventPublishingTestExecutionListener@71a7cf7c, org.springframework.boot.test.autoconfigure.restdocs.RestDocsTestExecutionListener@7f49df25, org.springframework.boot.test.autoconfigure.web.client.MockRestServiceServerResetTestExecutionListener@5b29d699, org.springframework.boot.test.autoconfigure.web.servlet.MockMvcPrintOnlyOnFailureTestExecutionListener@5a5a973c, org.springframework.boot.test.autoconfigure.web.servlet.WebDriverTestExecutionListener@15c96f24, org.springframework.boot.test.autoconfigure.webservices.client.MockWebServiceServerTestExecutionListener@24482a4f, org.springframework.boot.test.mock.mockito.ResetMocksTestExecutionListener@3140ad41]
2023-01-18 01:07:27.707  INFO 852247 --- [    Test worker] o.s.t.c.transaction.TransactionContext   : Began transaction (1) for test context [DefaultTestContext@6d84ab90 testClass = MemberRepositoryTest, testInstance = jpabook.jpashop.MemberRepositoryTest@3182143c, testMethod = testMember@MemberRepositoryTest, testException = [null], mergedContextConfiguration = [WebMergedContextConfiguration@7cb38a6a testClass = MemberRepositoryTest, locations = '{}', classes = '{class jpabook.jpashop.JpashopApplication}', contextInitializerClasses = '[]', activeProfiles = '{}', propertySourceLocations = '{}', propertySourceProperties = '{org.springframework.boot.test.context.SpringBootTestContextBootstrapper=true}', contextCustomizers = set[org.springframework.boot.test.autoconfigure.actuate.metrics.MetricsExportContextCustomizerFactory$DisableMetricExportContextCustomizer@31ff43be, org.springframework.boot.test.autoconfigure.properties.PropertyMappingContextCustomizer@0, org.springframework.boot.test.autoconfigure.web.servlet.WebDriverContextCustomizerFactory$Customizer@6af9fcb2, org.springframework.boot.test.context.filter.ExcludeFilterContextCustomizer@1046d517, org.springframework.boot.test.json.DuplicateJsonObjectContextCustomizerFactory$DuplicateJsonObjectContextCustomizer@21337f7b, org.springframework.boot.test.mock.mockito.MockitoContextCustomizer@0, org.springframework.boot.test.web.client.TestRestTemplateContextCustomizer@7b420819, org.springframework.boot.test.context.SpringBootTestArgs@1, org.springframework.boot.test.context.SpringBootTestWebEnvironment@5c90e579], resourceBasePath = 'src/main/webapp', contextLoader = 'org.springframework.boot.test.context.SpringBootContextLoader', parent = [null]], attributes = map['org.springframework.test.context.web.ServletTestExecutionListener.activateListener' -> true, 'org.springframework.test.context.web.ServletTestExecutionListener.populatedRequestContextHolder' -> true, 'org.springframework.test.context.web.ServletTestExecutionListener.resetRequestContextHolder' -> true, 'org.springframework.test.context.event.ApplicationEventsTestExecutionListener.recordApplicationEvents' -> false]]; transaction manager [org.springframework.orm.jpa.JpaTransactionManager@30adae45]; rollback [false]
2023-01-18 01:07:27.730 DEBUG 852247 --- [    Test worker] org.hibernate.SQL                        : 
    insert 
    into
        member
        (username) 
    values
        (?)
2023-01-18 01:07:27.734 TRACE 852247 --- [    Test worker] o.h.type.descriptor.sql.BasicBinder      : binding parameter [1] as [VARCHAR] - [memberA]
2023-01-18 01:07:27.791  INFO 852247 --- [    Test worker] o.s.t.c.transaction.TransactionContext   : Committed transaction for test: [DefaultTestContext@6d84ab90 testClass = MemberRepositoryTest, testInstance = jpabook.jpashop.MemberRepositoryTest@3182143c, testMethod = testMember@MemberRepositoryTest, testException = [null], mergedContextConfiguration = [WebMergedContextConfiguration@7cb38a6a testClass = MemberRepositoryTest, locations = '{}', classes = '{class jpabook.jpashop.JpashopApplication}', contextInitializerClasses = '[]', activeProfiles = '{}', propertySourceLocations = '{}', propertySourceProperties = '{org.springframework.boot.test.context.SpringBootTestContextBootstrapper=true}', contextCustomizers = set[org.springframework.boot.test.autoconfigure.actuate.metrics.MetricsExportContextCustomizerFactory$DisableMetricExportContextCustomizer@31ff43be, org.springframework.boot.test.autoconfigure.properties.PropertyMappingContextCustomizer@0, org.springframework.boot.test.autoconfigure.web.servlet.WebDriverContextCustomizerFactory$Customizer@6af9fcb2, org.springframework.boot.test.context.filter.ExcludeFilterContextCustomizer@1046d517, org.springframework.boot.test.json.DuplicateJsonObjectContextCustomizerFactory$DuplicateJsonObjectContextCustomizer@21337f7b, org.springframework.boot.test.mock.mockito.MockitoContextCustomizer@0, org.springframework.boot.test.web.client.TestRestTemplateContextCustomizer@7b420819, org.springframework.boot.test.context.SpringBootTestArgs@1, org.springframework.boot.test.context.SpringBootTestWebEnvironment@5c90e579], resourceBasePath = 'src/main/webapp', contextLoader = 'org.springframework.boot.test.context.SpringBootContextLoader', parent = [null]], attributes = map['org.springframework.test.context.web.ServletTestExecutionListener.activateListener' -> true, 'org.springframework.test.context.web.ServletTestExecutionListener.populatedRequestContextHolder' -> true, 'org.springframework.test.context.web.ServletTestExecutionListener.resetRequestContextHolder' -> true, 'org.springframework.test.context.event.ApplicationEventsTestExecutionListener.recordApplicationEvents' -> false]]
]]></system-out>
  <system-err><![CDATA[]]></system-err>
</testsuite>
